[     342ms] [INFO] %cDownload the React DevTools for a better development experience: https://react.dev/link/react-devtools font-weight:bold @ http://localhost:5001/_next/static/chunks/0k5d_next_dist_1qmvpb9._.js:2477
[     478ms] [LOG] [HMR] connected @ http://localhost:5001/_next/static/chunks/0k5d_next_dist_1qmvpb9._.js:2477
[   12500ms] [LOG] [Fast Refresh] rebuilding @ http://localhost:5001/_next/static/chunks/0k5d_next_dist_1qmvpb9._.js:2477
[   12789ms] [LOG] [Fast Refresh] done in 337ms @ http://localhost:5001/_next/static/chunks/0k5d_next_dist_1qmvpb9._.js:2477
[   25573ms] [LOG] [Fast Refresh] rebuilding @ http://localhost:5001/_next/static/chunks/0k5d_next_dist_1qmvpb9._.js:2477
[   25828ms] [WARNING] [Fast Refresh] performing full reload

Fast Refresh will perform a full reload when you edit a file that's imported by modules outside of the React rendering tree.
You might have a file which exports a React component but also exports a value that is imported by a non-React component file.
Consider migrating the non-React component export to a separate file and importing it into both files.

It is also possible the parent component of the component you edited is a class component, which disables Fast Refresh.
Fast Refresh requires at least one parent function component in your React tree. @ http://localhost:5001/_next/static/chunks/0k5d_next_dist_1qmvpb9._.js:2477
[   26232ms] [LOG] [Fast Refresh] done in 347ms @ http://localhost:5001/_next/static/chunks/0k5d_next_dist_1qmvpb9._.js:2477
[   26937ms] [INFO] %cDownload the React DevTools for a better development experience: https://react.dev/link/react-devtools font-weight:bold @ http://localhost:5001/_next/static/chunks/0k5d_next_dist_1qmvpb9._.js:2477
[   26993ms] [LOG] [HMR] connected @ http://localhost:5001/_next/static/chunks/0k5d_next_dist_1qmvpb9._.js:2477
[   38595ms] [LOG] [Fast Refresh] rebuilding @ http://localhost:5001/_next/static/chunks/0k5d_next_dist_1qmvpb9._.js:2477
[   38638ms] [LOG] [Fast Refresh] done in 119ms @ http://localhost:5001/_next/static/chunks/0k5d_next_dist_1qmvpb9._.js:2477
[   39764ms] [LOG] [Fast Refresh] rebuilding @ http://localhost:5001/_next/static/chunks/0k5d_next_dist_1qmvpb9._.js:2477
[   39870ms] [LOG] [Fast Refresh] done in 206ms @ http://localhost:5001/_next/static/chunks/0k5d_next_dist_1qmvpb9._.js:2477
[   39972ms] [LOG] [Fast Refresh] rebuilding @ http://localhost:5001/_next/static/chunks/0k5d_next_dist_1qmvpb9._.js:2477
[   39997ms] [LOG] [Fast Refresh] done in 125ms @ http://localhost:5001/_next/static/chunks/0k5d_next_dist_1qmvpb9._.js:2477
[   53254ms] [LOG] [Fast Refresh] rebuilding @ http://localhost:5001/_next/static/chunks/0k5d_next_dist_1qmvpb9._.js:2477
[   53738ms] [LOG] [Fast Refresh] done in 414ms @ http://localhost:5001/_next/static/chunks/0k5d_next_dist_1qmvpb9._.js:2477
[   53895ms] [LOG] [Fast Refresh] rebuilding @ http://localhost:5001/_next/static/chunks/0k5d_next_dist_1qmvpb9._.js:2477
[   54098ms] [LOG] [Fast Refresh] done in 303ms @ http://localhost:5001/_next/static/chunks/0k5d_next_dist_1qmvpb9._.js:2477
[   54664ms] [LOG] [Fast Refresh] rebuilding @ http://localhost:5001/_next/static/chunks/0k5d_next_dist_1qmvpb9._.js:2477
[   54748ms] [LOG] [Fast Refresh] done in 185ms @ http://localhost:5001/_next/static/chunks/0k5d_next_dist_1qmvpb9._.js:2477
[   55463ms] [INFO] %cDownload the React DevTools for a better development experience: https://react.dev/link/react-devtools font-weight:bold @ http://localhost:5001/_next/static/chunks/0k5d_next_dist_1qmvpb9._.js:2477
[   55504ms] [LOG] [HMR] connected @ http://localhost:5001/_next/static/chunks/0k5d_next_dist_1qmvpb9._.js:2477
[   64635ms] [LOG] [Fast Refresh] rebuilding @ http://localhost:5001/_next/static/chunks/0k5d_next_dist_1qmvpb9._.js:2477
[   64680ms] [LOG] [Fast Refresh] done in 115ms @ http://localhost:5001/_next/static/chunks/0k5d_next_dist_1qmvpb9._.js:2477
[   73315ms] [LOG] [Fast Refresh] rebuilding @ http://localhost:5001/_next/static/chunks/0k5d_next_dist_1qmvpb9._.js:2477
[   73389ms] [LOG] [Fast Refresh] done in 137ms @ http://localhost:5001/_next/static/chunks/0k5d_next_dist_1qmvpb9._.js:2477
